<?xml version="1.0" encoding="UTF-8"?>
<!-- Generated by org.testng.reporters.JUnitReportReporter -->
<testsuite hostname="PC235407" name="newpackage.NewTest" tests="1" failures="0" timestamp="10 May 2017 11:05:51 GMT" time="0.008" errors="0">
  <testcase name="f" time="0.008" classname="newpackage.NewTest"/>
</testsuite> <!-- newpackage.NewTest -->
