<?xml version="1.0" encoding="UTF-8"?>
<!-- Generated by org.testng.reporters.JUnitReportReporter -->
<testsuite hostname="PC235407" name="pageclasses.RedBusDriver" tests="2" failures="0" timestamp="1 Aug 2017 14:35:34 GMT" time="30.628" errors="0">
  <testcase name="f" time="11.954" classname="pageclasses.RedBusDriver"/>
  <testcase name="f" time="18.674" classname="pageclasses.RedBusDriver"/>
</testsuite> <!-- pageclasses.RedBusDriver -->
