<?xml version="1.0" encoding="UTF-8"?>
<!-- Generated by org.testng.reporters.JUnitReportReporter -->
<testsuite hostname="PC235407" name="FlightBooking.NewTest" tests="2" failures="0" timestamp="2 Aug 2017 06:03:01 GMT" time="23.032" errors="0">
  <testcase name="f" time="17.279" classname="FlightBooking.NewTest"/>
  <testcase name="f" time="5.753" classname="FlightBooking.NewTest"/>
</testsuite> <!-- FlightBooking.NewTest -->
